Streaming transaction logs mentioning UY89vX8nRLbuy8LZCZy9ThMbNp1669Bi7Ue9uMwZC6P. Confirmed commitment
Transaction executed in slot 12:
  Signature: 33WTY39mnVzdx1QpULUqGw2BghF1LXNcwqgCPJuifzSB4XS9djnLk7ctau5z3sMLq3shtfQMu58vMqEj338EXSKK
  Status: Ok
  Log Messages:
    Program UY89vX8nRLbuy8LZCZy9ThMbNp1669Bi7Ue9uMwZC6P invoke [1]
    Program log: Instruction: InitializeMint
    Program 11111111111111111111111111111111 invoke [2]
    Program 11111111111111111111111111111111 success
    Program TokenkegQfeZyiNwAJbNbGKPFXCWuBvf9Ss623VQ5DA invoke [2]
    Program log: Instruction: InitializeMint2
    Program TokenkegQfeZyiNwAJbNbGKPFXCWuBvf9Ss623VQ5DA consumed 2780 of 193073 compute units
    Program TokenkegQfeZyiNwAJbNbGKPFXCWuBvf9Ss623VQ5DA success
    Program log: Token mint initialized: DYLMzyBsg4UjWz4sAz2rw32ZNyLgwCo6wxZqgunpBiim
    Program data: Lqtroa9o7Oa6UyQVLtMBMU8qVtt7ouhZ7YgMvaNvC+G/gQZSOMTHWgn3jZoTX3eGdPtfqJ/4EKWZuHuymLucr+1ynsaB8W1DXA==
    Program UY89vX8nRLbuy8LZCZy9ThMbNp1669Bi7Ue9uMwZC6P consumed 23741 of 200000 compute units
    Program UY89vX8nRLbuy8LZCZy9ThMbNp1669Bi7Ue9uMwZC6P success
Transaction executed in slot 14:
  Signature: 5jLDcrPJDtkKa81FeXe3LhroSA33FsBKcKLeUtHn5aWNHHKWTekXtayUNWzACuYW5LoGk7xLCbap9379o9KrH3JU
  Status: Ok
  Log Messages:
    Program UY89vX8nRLbuy8LZCZy9ThMbNp1669Bi7Ue9uMwZC6P invoke [1]
    Program log: Instruction: InitializeConfig
    Program 11111111111111111111111111111111 invoke [2]
    Program 11111111111111111111111111111111 success
    Program log: Tax config initialized with rate: 100 basis points
    Program UY89vX8nRLbuy8LZCZy9ThMbNp1669Bi7Ue9uMwZC6P consumed 10633 of 200000 compute units
    Program UY89vX8nRLbuy8LZCZy9ThMbNp1669Bi7Ue9uMwZC6P success
Transaction executed in slot 16:
  Signature: 3G1KMDB3bp6pUbqc8hYyeihmFQfNUBW4RKKuW1ezJkACHpB7gM8C7aiLcdHSGTSiNruoUWErFknwiPV4a6yLiKct
  Status: Ok
  Log Messages:
    Program UY89vX8nRLbuy8LZCZy9ThMbNp1669Bi7Ue9uMwZC6P invoke [1]
    Program log: Instruction: MintToken
    Program TokenkegQfeZyiNwAJbNbGKPFXCWuBvf9Ss623VQ5DA invoke [2]
    Program log: Instruction: MintTo
    Program TokenkegQfeZyiNwAJbNbGKPFXCWuBvf9Ss623VQ5DA consumed 4492 of 193730 compute units
    Program TokenkegQfeZyiNwAJbNbGKPFXCWuBvf9Ss623VQ5DA success
    Program log: Minted 1000 tokens to GSZkRVCGzhbpGgNFqRcAUTBT3TYxfkn84ppLL4NqbJj3
    Program data: z9SAwq82QBi6UyQVLtMBMU8qVtt7ouhZ7YgMvaNvC+G/gQZSOMTHWuVr2mfoglo7THbPweP2kcD3IrTtUx/T5I7N8iqTAVKa6AMAAAAAAAA=
    Program UY89vX8nRLbuy8LZCZy9ThMbNp1669Bi7Ue9uMwZC6P consumed 23616 of 200000 compute units
    Program UY89vX8nRLbuy8LZCZy9ThMbNp1669Bi7Ue9uMwZC6P success
Transaction executed in slot 17:
  Signature: 4MyWd1rcej8tA8mPcoFACvcT5wVeQLZFu1WJJ2ZWZcgHLqAaimcYuAj5NuZmsaJaQ5PwpJBn7cA4JDxvcTx2x66r
  Status: Ok
  Log Messages:
    Program UY89vX8nRLbuy8LZCZy9ThMbNp1669Bi7Ue9uMwZC6P invoke [1]
    Program log: Instruction: UpdateConfig
    Program log: Tax config updated to: 200 basis points
    Program UY89vX8nRLbuy8LZCZy9ThMbNp1669Bi7Ue9uMwZC6P consumed 4711 of 200000 compute units
    Program UY89vX8nRLbuy8LZCZy9ThMbNp1669Bi7Ue9uMwZC6P success
Transaction executed in slot 19:
  Signature: dRYiJ2njEg2pLRJBm7oYU8LzAdq5rWXXUvKsFxXAE1TDu6QgvYuPVVMgEFERimCd5tcdXLxpBm533XhNWYbhmQX
  Status: Ok
  Log Messages:
    Program UY89vX8nRLbuy8LZCZy9ThMbNp1669Bi7Ue9uMwZC6P invoke [1]
    Program log: Instruction: TransferToken
    Program TokenkegQfeZyiNwAJbNbGKPFXCWuBvf9Ss623VQ5DA invoke [2]
    Program log: Instruction: Transfer
    Program TokenkegQfeZyiNwAJbNbGKPFXCWuBvf9Ss623VQ5DA consumed 4645 of 187850 compute units
    Program TokenkegQfeZyiNwAJbNbGKPFXCWuBvf9Ss623VQ5DA success
    Program TokenkegQfeZyiNwAJbNbGKPFXCWuBvf9Ss623VQ5DA invoke [2]
    Program log: Instruction: Transfer
    Program TokenkegQfeZyiNwAJbNbGKPFXCWuBvf9Ss623VQ5DA consumed 4645 of 180899 compute units
    Program TokenkegQfeZyiNwAJbNbGKPFXCWuBvf9Ss623VQ5DA success
    Program log: Transferred 98 tokens (Tax: 2)
    Program data: jFZqJlWdyvrla9pn6IJaO0x2z8Hj9pHA9yK07VMf0+SOzfIqkwFSmqlzToBmprm13unUHNS0OqQWOhSR2hITtk76Ql7oYsewZAAAAAAAAAACAAAAAAAAAPeNmhNfd4Z0+1+on/gQpZm4e7KYu5yv7XKexoHxbUNc
    Program UY89vX8nRLbuy8LZCZy9ThMbNp1669Bi7Ue9uMwZC6P consumed 25483 of 200000 compute units
    Program UY89vX8nRLbuy8LZCZy9ThMbNp1669Bi7Ue9uMwZC6P success
